<?xml version="1.0" encoding="UTF-8"?>
<!-- Generated by org.testng.reporters.JUnitXMLReporter -->
<testsuite hostname="ani-PC" name="Default test" tests="3" failures="0" timestamp="6 May 2020 16:12:46 GMT" time="7.289" errors="0">
  <testcase name="loginTest" time="0.628" classname="com.amazon.test.MobileTest"/>
  <testcase name="homeTest" time="0.006" classname="com.amazon.test.MobileTest"/>
  <testcase name="searchTest" time="0.007" classname="com.amazon.test.MobileTest"/>
</testsuite> <!-- Default test -->
