<?xml version="1.0" encoding="UTF-8"?>
<testng-results skipped="0" failed="0" total="3" passed="3">
  <reporter-output>
  </reporter-output>
  <suite name="Default suite" duration-ms="7289" started-at="2020-05-06T16:12:39Z" finished-at="2020-05-06T16:12:46Z">
    <groups>
    </groups>
    <test name="Default test" duration-ms="7289" started-at="2020-05-06T16:12:39Z" finished-at="2020-05-06T16:12:46Z">
      <class name="com.amazon.test.MobileTest">
        <test-method status="PASS" signature="launchMobileApp()[pri:0, instance:com.amazon.test.MobileTest@55f616cf]" name="launchMobileApp" is-config="true" duration-ms="6608" started-at="2020-05-06T21:42:39Z" finished-at="2020-05-06T21:42:45Z">
          <reporter-output>
          </reporter-output>
        </test-method> <!-- launchMobileApp -->
        <test-method status="PASS" signature="loginTest()[pri:1, instance:com.amazon.test.MobileTest@55f616cf]" name="loginTest" duration-ms="628" started-at="2020-05-06T21:42:45Z" finished-at="2020-05-06T21:42:46Z">
          <reporter-output>
          </reporter-output>
        </test-method> <!-- loginTest -->
        <test-method status="PASS" signature="homeTest()[pri:2, instance:com.amazon.test.MobileTest@55f616cf]" name="homeTest" duration-ms="6" started-at="2020-05-06T21:42:46Z" finished-at="2020-05-06T21:42:46Z">
          <reporter-output>
          </reporter-output>
        </test-method> <!-- homeTest -->
        <test-method status="PASS" signature="searchTest()[pri:3, instance:com.amazon.test.MobileTest@55f616cf]" name="searchTest" duration-ms="7" started-at="2020-05-06T21:42:46Z" finished-at="2020-05-06T21:42:46Z">
          <reporter-output>
          </reporter-output>
        </test-method> <!-- searchTest -->
        <test-method status="PASS" signature="tearDown()[pri:0, instance:com.amazon.test.MobileTest@55f616cf]" name="tearDown" is-config="true" duration-ms="1" started-at="2020-05-06T21:42:46Z" finished-at="2020-05-06T21:42:46Z">
          <reporter-output>
          </reporter-output>
        </test-method> <!-- tearDown -->
      </class> <!-- com.amazon.test.MobileTest -->
    </test> <!-- Default test -->
  </suite> <!-- Default suite -->
</testng-results>
